2022-05-12 13:37:17 info: Server started on port 5000
2022-05-12 13:37:18 info: MongoDB connected
2022-05-12 13:37:33 info: Login successful
2022-05-12 13:39:02 info: Add books
2022-05-12 13:39:18 info: Update book by id
2022-05-12 13:40:17 info: Add books
2022-05-12 13:41:38 info: Add books
2022-05-12 13:42:17 info: Server started on port 5000
2022-05-12 13:42:18 info: MongoDB connected
2022-05-12 13:42:20 info: Get books
2022-05-12 13:43:33 info: Add books
2022-05-12 13:43:51 info: Delete book by id
2022-05-12 13:44:08 info: Update book by id
2022-05-12 13:44:25 info: Get books
2022-05-12 13:49:26 info: Server started on port 5000
2022-05-12 13:49:28 info: MongoDB connected
2022-05-12 13:49:34 info: Get books
2022-05-12 13:50:31 info: Server started on port 5000
2022-05-12 13:50:32 info: MongoDB connected
2022-05-12 13:50:56 info: Server started on port 5000
2022-05-12 13:50:57 info: MongoDB connected
2022-05-12 14:50:37 info: Server started on port 5000
2022-05-12 14:50:39 info: MongoDB connected
2022-05-12 14:51:17 info: Server started on port 5000
2022-05-12 14:51:19 info: MongoDB connected
2022-05-12 14:52:18 info: Server started on port 5000
2022-05-12 14:52:20 info: MongoDB connected
2022-05-12 14:52:52 info: Login successful
2022-05-12 14:52:53 info: Get issues
2022-05-12 14:53:10 info: Update book by id
2022-05-12 15:00:50 info: Book issued
2022-05-12 15:01:57 info: Server started on port 5000
2022-05-12 15:01:58 info: MongoDB connected
2022-05-12 15:02:02 error: Book not available
2022-05-12 15:05:45 info: Login successful
2022-05-12 15:05:45 info: Get issues
2022-05-12 15:07:28 info: Server started on port 5000
2022-05-12 15:07:29 info: MongoDB connected
2022-05-12 15:14:25 info: Book issued
2022-05-12 15:14:31 info: Book issued
2022-05-12 15:14:39 info: Book issued
2022-05-12 15:14:49 error: Book issue failed
2022-05-12 16:00:49 info: Server started on port 5000
2022-05-12 16:00:51 info: MongoDB connected
2022-05-12 16:16:16 info: Server started on port 5000
2022-05-12 16:16:17 info: MongoDB connected
2022-05-12 16:18:30 info: Server started on port 5000
2022-05-12 16:18:31 info: MongoDB connected
2022-05-12 16:18:32 info: Get books
2022-05-12 16:18:35 info: Get book by id
2022-05-12 16:20:47 info: Server started on port 5000
2022-05-12 16:20:48 info: MongoDB connected
2022-05-12 16:20:49 info: Get books
2022-05-12 16:20:52 info: Get book by id
2022-05-12 16:21:57 info: Server started on port 5000
2022-05-12 16:21:58 info: MongoDB connected
2022-05-12 16:21:59 info: Get books
2022-05-12 16:22:02 info: Get book by id
2022-05-12 16:22:23 info: Server started on port 5000
2022-05-12 16:22:24 info: MongoDB connected
2022-05-12 16:22:25 info: Get books
2022-05-12 16:22:28 info: Get book by id
2022-05-12 16:23:12 info: Server started on port 5000
2022-05-12 16:23:13 info: MongoDB connected
2022-05-12 16:23:14 info: Get books
2022-05-12 16:23:14 info: Get book by id
2022-05-12 16:24:08 info: Server started on port 5000
2022-05-12 16:24:09 info: MongoDB connected
2022-05-12 16:24:10 info: Get books
2022-05-12 16:24:10 info: Get book by id
2022-05-12 16:24:57 info: Server started on port 5000
2022-05-12 16:24:58 info: MongoDB connected
2022-05-12 16:24:59 info: Get books
2022-05-12 16:25:00 info: Get book by id
2022-05-12 16:37:52 info: Server started on port 5000
2022-05-12 16:37:53 info: MongoDB connected
2022-05-12 16:37:54 info: Get books
2022-05-12 16:37:57 info: Get book by id
2022-05-12 16:39:46 info: Server started on port 5000
2022-05-12 16:39:47 info: MongoDB connected
2022-05-12 16:39:48 info: Get books
2022-05-12 16:40:14 info: Server started on port 5000
2022-05-12 16:40:15 info: MongoDB connected
2022-05-12 16:40:16 info: Get books
2022-05-12 16:42:14 info: Server started on port 5000
2022-05-12 16:42:15 info: MongoDB connected
2022-05-12 16:42:16 info: Get books
2022-05-12 17:49:11 info: Server started on port 5000
2022-05-12 17:49:12 info: MongoDB connected
2022-05-12 17:49:13 info: Get books
2022-05-12 17:49:13 info: Get book by id
2022-05-12 17:50:06 info: Server started on port 5000
2022-05-12 17:50:07 info: MongoDB connected
2022-05-12 17:50:08 info: Get books
2022-05-12 17:50:08 info: Get book by id
2022-05-12 17:51:07 info: Server started on port 5000
2022-05-12 17:51:08 info: MongoDB connected
2022-05-12 17:51:09 info: Get books
2022-05-12 17:51:09 info: Get book by id
2022-05-12 17:51:46 info: Server started on port 5000
2022-05-12 17:51:47 info: MongoDB connected
2022-05-12 17:51:48 info: Get books
2022-05-12 17:51:48 info: Get book by id
2022-05-12 17:52:13 info: Server started on port 5000
2022-05-12 17:52:14 info: MongoDB connected
2022-05-12 17:52:17 info: Get books
2022-05-12 17:52:17 info: Get book by id
2022-05-12 17:55:20 info: Server started on port 5000
2022-05-12 17:55:21 info: MongoDB connected
2022-05-12 17:55:22 info: Get books
2022-05-12 17:55:22 info: Get book by id
2022-05-12 17:55:34 info: Server started on port 5000
2022-05-12 17:55:35 info: MongoDB connected
2022-05-12 17:55:36 info: Get books
2022-05-12 17:55:36 info: Get book by id
2022-05-12 17:59:33 info: Server started on port 5000
2022-05-12 17:59:35 info: MongoDB connected
2022-05-12 17:59:46 info: Get books
2022-05-12 17:59:54 info: Login successful
2022-05-12 17:59:54 info: Get issues by student
2022-05-12 18:00:44 info: Server started on port 5000
2022-05-12 18:00:45 info: MongoDB connected
2022-05-12 18:00:46 info: Get books
2022-05-12 18:00:46 info: Get book by id
2022-05-12 18:00:47 info: MongoDB connected
2022-05-12 18:00:47 info: Login successful
2022-05-12 18:01:05 info: Server started on port 5000
2022-05-12 18:01:06 info: MongoDB connected
2022-05-12 18:01:07 info: Login successful
2022-05-12 18:01:08 info: MongoDB connected
2022-05-12 18:01:08 info: Get books
2022-05-12 18:01:08 info: Get book by id
2022-05-12 18:01:26 info: Server started on port 5000
2022-05-12 18:01:27 info: MongoDB connected
2022-05-12 18:01:28 info: Login successful
2022-05-12 18:01:29 info: MongoDB connected
2022-05-12 18:01:29 info: Get books
2022-05-12 18:01:29 info: Get book by id
2022-05-12 18:02:00 info: Server started on port 5000
2022-05-12 18:02:01 info: MongoDB connected
2022-05-12 18:02:01 info: MongoDB connected
2022-05-12 18:02:02 info: Get books
2022-05-12 18:02:02 info: Get book by id
2022-05-12 18:02:03 info: Login successful
2022-05-12 18:04:52 info: Server started on port 5000
2022-05-12 18:04:53 info: MongoDB connected
2022-05-12 18:04:54 info: Get books
2022-05-12 18:04:54 info: Get book by id
2022-05-12 18:04:54 info: Login successful
2022-05-12 18:05:19 info: Server started on port 5000
2022-05-12 18:05:20 info: MongoDB connected
2022-05-12 18:05:21 info: Get books
2022-05-12 18:05:21 info: Get book by id
2022-05-12 18:05:22 info: Login successful
2022-05-12 18:05:56 info: Server started on port 5000
2022-05-12 18:05:57 info: MongoDB connected
2022-05-12 18:05:58 info: Get books
2022-05-12 18:05:58 info: Get book by id
2022-05-12 18:05:59 info: Login successful
2022-05-12 21:20:44 info: Server started on port 5000
2022-05-12 21:20:46 info: MongoDB connected
2022-05-12 21:21:16 info: Get books
2022-05-12 21:21:48 info: Login successful
2022-05-12 21:21:48 info: Get issues
2022-05-12 21:23:34 info: Get books
2022-05-12 21:23:51 info: Get books
2022-05-12 21:24:12 info: Get books
2022-05-12 21:26:09 info: Get books
2022-05-12 21:28:43 info: Get books
2022-05-12 21:29:55 info: Get books
2022-05-12 21:30:03 info: Get books
2022-05-12 21:30:04 info: Get books
2022-05-12 21:31:24 info: Get books
2022-05-12 21:31:27 info: Get books
2022-05-12 21:32:36 info: Get books
2022-05-12 21:32:36 info: Get books
2022-05-12 21:35:28 info: Get books
2022-05-12 21:42:50 info: Get books
2022-05-12 21:44:19 info: Get books
2022-05-12 21:46:51 info: Get books
2022-05-12 21:47:52 info: Get books
2022-05-12 21:48:08 info: Login successful
2022-05-12 21:48:09 info: Get issues
2022-05-12 21:48:12 info: Get books
2022-05-12 21:48:12 info: Get issues
2022-05-12 21:49:08 info: Get books
2022-05-12 21:49:08 info: Get issues
2022-05-12 21:49:13 info: Get books
2022-05-12 21:49:16 info: Get books
2022-05-12 21:50:39 info: Login successful
2022-05-12 21:50:40 info: Get issues
2022-05-12 21:50:44 info: Get books
2022-05-12 21:50:44 info: Get issues
2022-05-12 21:53:04 info: Singup successful
2022-05-12 21:53:13 info: Login successful
2022-05-12 21:53:14 info: Get issues
2022-05-12 21:53:18 info: Get books
2022-05-12 21:53:18 info: Get issues
2022-05-12 22:27:20 info: Login successful
2022-05-12 22:27:21 info: Get issues
2022-05-12 22:27:53 info: Login successful
2022-05-12 22:27:54 info: Get issues by student
2022-05-12 22:28:25 info: Login successful
2022-05-12 22:28:25 info: Get issues by student
2022-05-12 22:32:55 info: Login successful
2022-05-12 22:32:55 info: Get issues
2022-05-12 22:38:38 info: Get books
2022-05-12 22:39:03 info: Get books
2022-05-12 22:39:03 info: Get books
2022-05-12 22:39:09 info: Get books
2022-05-12 22:39:09 info: Get books
2022-05-12 23:19:32 info: Login successful
2022-05-12 23:19:32 info: Get issues by student
2022-05-14 02:11:33 info: Server started on port 5000
2022-05-14 02:11:33 info: MongoDB connected
2022-05-14 02:12:11 info: Login successful
2022-05-14 02:12:11 info: Get issues
2022-05-14 02:12:15 info: Get books
2022-05-14 02:12:16 info: Get issues
2022-05-14 02:12:21 info: Get books
2022-05-14 02:12:21 info: Get issues
2022-05-14 15:37:07 info: Server started on port 5000
2022-05-14 15:37:08 info: MongoDB connected
2022-05-14 15:37:48 info: Get books
2022-05-14 15:41:22 info: Get books
2022-05-14 15:41:44 info: Login successful
2022-05-14 15:41:45 info: Get issues
2022-05-14 15:44:22 info: Get books
2022-05-14 15:44:22 info: Get issues
2022-05-14 15:44:25 info: Get books
2022-05-14 15:44:25 info: Get issues
2022-05-14 15:45:38 info: Get books
2022-05-14 15:45:39 info: Get issues
2022-05-14 15:45:48 info: Get books
2022-05-14 15:45:49 info: Get issues
2022-05-14 15:47:09 info: Get books
2022-05-14 15:47:09 info: Get issues
2022-05-14 15:47:24 info: Get books
2022-05-14 15:47:24 info: Get issues
2022-05-14 15:47:25 info: Get books
2022-05-14 15:47:25 info: Get issues
2022-05-14 15:47:25 info: Get books
2022-05-14 15:47:26 info: Get issues
2022-05-14 15:47:26 info: Get books
2022-05-14 15:47:26 info: Get issues
2022-05-14 15:47:27 info: Get books
2022-05-14 15:47:27 info: Get issues
2022-05-14 15:47:35 info: Get books
2022-05-14 15:47:35 info: Get issues
2022-05-14 15:48:53 info: Get books
2022-05-14 15:48:53 info: Get issues
2022-05-14 15:50:55 info: Get books
2022-05-14 15:50:55 info: Get issues
